======================================================================
STEP 7: COMPREHENSIVE VISUALIZATION
======================================================================
Synthetic output: /app/sandbox/session_20260120_162040_ff659490feac/outputs/synthetic/figures
MNIST output: /app/sandbox/session_20260120_162040_ff659490feac/outputs/mnist/figures

[1/2] GENERATING SYNTHETIC VISUALIZATIONS...
----------------------------------------------------------------------
Loading synthetic data...
Loading original synthetic matrices...
Data shapes: A=(15, 5), B=(15, 4), T_old=(5, 4), T_new=(4, 5)

Creating Fig 1: MDS scatter of A...
  ✓ Saved: fig01_mds_A.png
Creating Fig 2: MDS scatter of B...
  ✓ Saved: fig02_mds_B.png
Creating Fig 3: Heatmap of T_old...
  ✓ Saved: fig03_heatmap_T_old.png
Creating Fig 4: Heatmap of T_new...
  ✓ Saved: fig04_heatmap_T_new.png
Creating Fig 5: Heatmap of J^A...
  ✓ Saved: fig05_heatmap_JA.png
Creating Fig 6: Heatmap of J^B...
  ✓ Saved: fig06_heatmap_JB.png
Creating Fig 7: Singular Value Spectrum...
Traceback (most recent call last):
  File "/app/sandbox/session_20260120_162040_ff659490feac/scripts/07_visualize_results.py", line 213, in <module>
    M = np.vstack([M_top, M_bottom])
        ^^^^^^^^^^^^^^^^^^^^^^^^^^^^
  File "/home/app/.local/lib/python3.12/site-packages/numpy/_core/shape_base.py", line 292, in vstack
    return _nx.concatenate(arrs, 0, dtype=dtype, casting=casting)
           ^^^^^^^^^^^^^^^^^^^^^^^^^^^^^^^^^^^^^^^^^^^^^^^^^^^^^^
ValueError: all the input array dimensions except for the concatenation axis must match exactly, but along dimension 1, the array at index 0 has size 10 and the array at index 1 has size 8
